<?xml version="1.0" encoding="UTF-8"?>
<!-- Generated by org.testng.reporters.JUnitXMLReporter -->
<testsuite hostname="Mohameds-MacBook-Pro.local" failures="0" tests="3" name="/Users/mohamednagi/IdeaProjects/WebDriverTest/src/test/java/sample1.java" time="20.221" errors="0" timestamp="13 Mar 2019 15:31:55 GMT">
  <testcase classname="sample1" name="A001_loginAdmin" time="4.186"/>
  <testcase classname="sample1" name="A002_addUser" time="4.63"/>
  <testcase classname="sample1" name="A003_logoutAdmin" time="1.795"/>
</testsuite> <!-- /Users/mohamednagi/IdeaProjects/WebDriverTest/src/test/java/sample1.java -->
