<?xml version="1.0" encoding="UTF-8"?>
<!-- Generated by org.testng.reporters.JUnitXMLReporter -->
<testsuite hostname="Mohameds-MacBook-Pro.local" failures="0" tests="28" name="ChromeTest" time="117.143" errors="0" timestamp="7 Mar 2019 09:05:58 GMT">
  <testcase classname="RegressionTest.DataProviderWithExcel_addUser" name="A001_loginAdmin" time="3.776"/>
  <testcase classname="RegressionTest.DataProviderWithExcel_addUser" name="A002_adduser" time="4.357"/>
  <testcase classname="RegressionTest.DataProviderWithExcel_addUser" name="A002_adduser" time="3.363"/>
  <testcase classname="RegressionTest.DataProviderWithExcel_addUser" name="A002_adduser" time="3.193"/>
  <testcase classname="RegressionTest.DataProviderWithExcel_addUser" name="A002_adduser" time="3.197"/>
  <testcase classname="RegressionTest.DataProviderWithExcel_addUser" name="A002_adduser" time="3.179"/>
  <testcase classname="RegressionTest.DataProviderWithExcel_addUser" name="A002_adduser" time="3.018"/>
  <testcase classname="RegressionTest.DataProviderWithExcel_addUser" name="A002_adduser" time="3.271"/>
  <testcase classname="RegressionTest.DataProviderWithExcel_addUser" name="A002_adduser" time="8.699"/>
  <testcase classname="RegressionTest.DataProviderWithExcel_addUser" name="A002_adduser" time="4.746"/>
  <testcase classname="RegressionTest.DataProviderWithExcel_addUser" name="Z1000_logout" time="1.433"/>
  <testcase classname="RegressionTest.DataProviderWithExcel_modifyUser" name="A001_loginAdmin" time="3.647"/>
  <testcase classname="RegressionTest.DataProviderWithExcel_modifyUser" name="A002_ChangeRoleforUser" time="0.0"/>
  <testcase classname="RegressionTest.DataProviderWithExcel_modifyUser" name="A002_ChangeRoleforUser" time="0.0"/>
  <testcase classname="RegressionTest.DataProviderWithExcel_modifyUser" name="A002_ChangeRoleforUser" time="0.0"/>
  <testcase classname="RegressionTest.DataProviderWithExcel_modifyUser" name="A002_ChangeRoleforUser" time="0.001"/>
  <testcase classname="RegressionTest.DataProviderWithExcel_modifyUser" name="A002_ChangeRoleforUser" time="0.0"/>
  <testcase classname="RegressionTest.DataProviderWithExcel_modifyUser" name="A100_adminlogout" time="1.504"/>
  <testcase classname="RegressionTest.DataProviderWithExcel_modifyUser" name="B001_loginUser" time="7.681"/>
  <testcase classname="RegressionTest.DataProviderWithExcel_modifyUser" name="B001_loginUser" time="7.687"/>
  <testcase classname="RegressionTest.DataProviderWithExcel_modifyUser" name="B001_loginUser" time="7.142"/>
  <testcase classname="RegressionTest.DataProviderWithExcel_modifyUser" name="B001_loginUser" time="2.667"/>
  <testcase classname="RegressionTest.DataProviderWithExcel_modifyUser" name="B001_loginUser" time="2.697"/>
  <testcase classname="RegressionTest.DataProviderwithExcel_deleteUser" name="A001_loginAdmin" time="3.949"/>
  <testcase classname="RegressionTest.DataProviderwithExcel_deleteUser" name="B_0001_SearchUser" time="10.581"/>
  <testcase classname="RegressionTest.DataProviderwithExcel_deleteUser" name="B_0001_SearchUser" time="5.413"/>
  <testcase classname="RegressionTest.DataProviderwithExcel_deleteUser" name="B_0001_SearchUser" time="6.079"/>
  <testcase classname="RegressionTest.DataProviderwithExcel_deleteUser" name="Z1000_logoutAdmin" time="1.475"/>
</testsuite> <!-- ChromeTest -->
