<?xml version="1.0" encoding="UTF-8"?>
<!-- Generated by org.testng.reporters.JUnitXMLReporter -->
<testsuite hostname="Mohameds-MacBook-Pro.local" failures="0" tests="28" name="OperaTest" time="103.647" errors="0" timestamp="7 Mar 2019 09:07:42 GMT">
  <testcase classname="RegressionTest.DataProviderWithExcel_addUser" name="A001_loginAdmin" time="3.694"/>
  <testcase classname="RegressionTest.DataProviderWithExcel_addUser" name="A002_adduser" time="4.247"/>
  <testcase classname="RegressionTest.DataProviderWithExcel_addUser" name="A002_adduser" time="3.473"/>
  <testcase classname="RegressionTest.DataProviderWithExcel_addUser" name="A002_adduser" time="3.339"/>
  <testcase classname="RegressionTest.DataProviderWithExcel_addUser" name="A002_adduser" time="3.379"/>
  <testcase classname="RegressionTest.DataProviderWithExcel_addUser" name="A002_adduser" time="3.404"/>
  <testcase classname="RegressionTest.DataProviderWithExcel_addUser" name="A002_adduser" time="3.333"/>
  <testcase classname="RegressionTest.DataProviderWithExcel_addUser" name="A002_adduser" time="3.387"/>
  <testcase classname="RegressionTest.DataProviderWithExcel_addUser" name="A002_adduser" time="3.427"/>
  <testcase classname="RegressionTest.DataProviderWithExcel_addUser" name="A002_adduser" time="3.295"/>
  <testcase classname="RegressionTest.DataProviderWithExcel_addUser" name="Z1000_logout" time="1.443"/>
  <testcase classname="RegressionTest.DataProviderWithExcel_modifyUser" name="A001_loginAdmin" time="3.665"/>
  <testcase classname="RegressionTest.DataProviderWithExcel_modifyUser" name="A002_ChangeRoleforUser" time="0.0"/>
  <testcase classname="RegressionTest.DataProviderWithExcel_modifyUser" name="A002_ChangeRoleforUser" time="0.0"/>
  <testcase classname="RegressionTest.DataProviderWithExcel_modifyUser" name="A002_ChangeRoleforUser" time="0.0"/>
  <testcase classname="RegressionTest.DataProviderWithExcel_modifyUser" name="A002_ChangeRoleforUser" time="0.0"/>
  <testcase classname="RegressionTest.DataProviderWithExcel_modifyUser" name="A002_ChangeRoleforUser" time="0.0"/>
  <testcase classname="RegressionTest.DataProviderWithExcel_modifyUser" name="A100_adminlogout" time="1.48"/>
  <testcase classname="RegressionTest.DataProviderWithExcel_modifyUser" name="B001_loginUser" time="7.57"/>
  <testcase classname="RegressionTest.DataProviderWithExcel_modifyUser" name="B001_loginUser" time="8.11"/>
  <testcase classname="RegressionTest.DataProviderWithExcel_modifyUser" name="B001_loginUser" time="7.515"/>
  <testcase classname="RegressionTest.DataProviderWithExcel_modifyUser" name="B001_loginUser" time="2.727"/>
  <testcase classname="RegressionTest.DataProviderWithExcel_modifyUser" name="B001_loginUser" time="2.746"/>
  <testcase classname="RegressionTest.DataProviderwithExcel_deleteUser" name="A001_loginAdmin" time="3.677"/>
  <testcase classname="RegressionTest.DataProviderwithExcel_deleteUser" name="B_0001_SearchUser" time="3.685"/>
  <testcase classname="RegressionTest.DataProviderwithExcel_deleteUser" name="B_0001_SearchUser" time="4.896"/>
  <testcase classname="RegressionTest.DataProviderwithExcel_deleteUser" name="B_0001_SearchUser" time="6.212"/>
  <testcase classname="RegressionTest.DataProviderwithExcel_deleteUser" name="Z1000_logoutAdmin" time="1.416"/>
</testsuite> <!-- OperaTest -->
