<?xml version="1.0" encoding="UTF-8"?>
<testng-results total="3" passed="3" failed="0" skipped="0">
  <reporter-output>
  </reporter-output>
  <suite started-at="2019-03-13T15:31:34Z" name="All Test Suite" finished-at="2019-03-13T15:31:54Z" duration-ms="20221">
    <groups>
    </groups>
    <test started-at="2019-03-13T15:31:34Z" name="/Users/mohamednagi/IdeaProjects/WebDriverTest/src/test/java/sample1.java" finished-at="2019-03-13T15:31:54Z" duration-ms="20221">
      <class name="sample1">
        <test-method is-config="true" signature="beforeTest()[pri:0, instance:sample1@4a22f9e2]" started-at="2019-03-13T16:31:34Z" name="beforeTest" finished-at="2019-03-13T16:31:43Z" duration-ms="9200" status="PASS">
          <reporter-output>
          </reporter-output>
        </test-method> <!-- beforeTest -->
        <test-method signature="A001_loginAdmin()[pri:0, instance:sample1@4a22f9e2]" started-at="2019-03-13T16:31:43Z" name="A001_loginAdmin" finished-at="2019-03-13T16:31:47Z" duration-ms="4186" status="PASS">
          <reporter-output>
          </reporter-output>
        </test-method> <!-- A001_loginAdmin -->
        <test-method signature="A002_addUser()[pri:0, instance:sample1@4a22f9e2]" started-at="2019-03-13T16:31:47Z" name="A002_addUser" finished-at="2019-03-13T16:31:52Z" duration-ms="4630" status="PASS">
          <reporter-output>
          </reporter-output>
        </test-method> <!-- A002_addUser -->
        <test-method signature="A003_logoutAdmin()[pri:0, instance:sample1@4a22f9e2]" started-at="2019-03-13T16:31:52Z" name="A003_logoutAdmin" finished-at="2019-03-13T16:31:54Z" duration-ms="1795" status="PASS">
          <reporter-output>
          </reporter-output>
        </test-method> <!-- A003_logoutAdmin -->
        <test-method is-config="true" signature="afterTest()[pri:0, instance:sample1@4a22f9e2]" started-at="2019-03-13T16:31:54Z" name="afterTest" finished-at="2019-03-13T16:31:54Z" duration-ms="391" status="PASS">
          <reporter-output>
          </reporter-output>
        </test-method> <!-- afterTest -->
      </class> <!-- sample1 -->
    </test> <!-- /Users/mohamednagi/IdeaProjects/WebDriverTest/src/test/java/sample1.java -->
  </suite> <!-- All Test Suite -->
</testng-results>
