<?xml version="1.0" encoding="UTF-8"?>
<testng-results total="56" passed="56" failed="0" skipped="0">
  <reporter-output>
  </reporter-output>
  <suite started-at="2019-03-07T09:04:01Z" name="All Test Suite" finished-at="2019-03-07T09:07:42Z" duration-ms="221028">
    <groups>
    </groups>
    <test started-at="2019-03-07T09:04:01Z" name="ChromeTest" finished-at="2019-03-07T09:05:58Z" duration-ms="117143">
      <class name="RegressionTest.DataProviderWithExcel_addUser">
        <test-method is-config="true" signature="setUp(java.lang.String)[pri:0, instance:RegressionTest.DataProviderWithExcel_addUser@7a69b07]" started-at="2019-03-07T10:04:01Z" name="setUp" finished-at="2019-03-07T10:04:07Z" duration-ms="6768" status="PASS">
          <params>
            <param index="0">
              <value>
                <![CDATA[chrome]]>
              </value>
            </param>
          </params>
          <reporter-output>
          </reporter-output>
        </test-method> <!-- setUp -->
        <test-method signature="A001_loginAdmin()[pri:0, instance:RegressionTest.DataProviderWithExcel_addUser@7a69b07]" started-at="2019-03-07T10:04:07Z" name="A001_loginAdmin" finished-at="2019-03-07T10:04:11Z" duration-ms="3776" status="PASS">
          <reporter-output>
          </reporter-output>
        </test-method> <!-- A001_loginAdmin -->
        <test-method signature="A002_adduser(java.lang.String, java.lang.String, java.lang.String, java.lang.String, java.lang.String, java.lang.String, java.lang.String, java.lang.String)[pri:0, instance:RegressionTest.DataProviderWithExcel_addUser@7a69b07]" started-at="2019-03-07T10:04:12Z" name="A002_adduser" data-provider="addUser" finished-at="2019-03-07T10:04:17Z" duration-ms="4357" status="PASS">
          <params>
            <param index="0">
              <value>
                <![CDATA[addUserRole]]>
              </value>
            </param>
            <param index="1">
              <value>
                <![CDATA[zz_nase1]]>
              </value>
            </param>
            <param index="2">
              <value>
                <![CDATA[zz_nase1@emailgehtnicht.de]]>
              </value>
            </param>
            <param index="3">
              <value>
                <![CDATA[ZZ]]>
              </value>
            </param>
            <param index="4">
              <value>
                <![CDATA[Nase1]]>
              </value>
            </param>
            <param index="5">
              <value>
                <![CDATA[$_1234%!zz_nase1]]>
              </value>
            </param>
            <param index="6">
              <value>
                <![CDATA[false]]>
              </value>
            </param>
            <param index="7">
              <value>
                <![CDATA[Mitarbeiter]]>
              </value>
            </param>
          </params>
          <reporter-output>
          </reporter-output>
        </test-method> <!-- A002_adduser -->
        <test-method signature="A002_adduser(java.lang.String, java.lang.String, java.lang.String, java.lang.String, java.lang.String, java.lang.String, java.lang.String, java.lang.String)[pri:0, instance:RegressionTest.DataProviderWithExcel_addUser@7a69b07]" started-at="2019-03-07T10:04:17Z" name="A002_adduser" data-provider="addUser" finished-at="2019-03-07T10:04:20Z" duration-ms="3363" status="PASS">
          <params>
            <param index="0">
              <value>
                <![CDATA[addUserRole]]>
              </value>
            </param>
            <param index="1">
              <value>
                <![CDATA[zz_nase2]]>
              </value>
            </param>
            <param index="2">
              <value>
                <![CDATA[zz_nase2@emailgehtnicht.de]]>
              </value>
            </param>
            <param index="3">
              <value>
                <![CDATA[ZZ]]>
              </value>
            </param>
            <param index="4">
              <value>
                <![CDATA[Nase2]]>
              </value>
            </param>
            <param index="5">
              <value>
                <![CDATA[$_1234%!zz_nase2]]>
              </value>
            </param>
            <param index="6">
              <value>
                <![CDATA[false]]>
              </value>
            </param>
            <param index="7">
              <value>
                <![CDATA[Abonnent]]>
              </value>
            </param>
          </params>
          <reporter-output>
          </reporter-output>
        </test-method> <!-- A002_adduser -->
        <test-method signature="A002_adduser(java.lang.String, java.lang.String, java.lang.String, java.lang.String, java.lang.String, java.lang.String, java.lang.String, java.lang.String)[pri:0, instance:RegressionTest.DataProviderWithExcel_addUser@7a69b07]" started-at="2019-03-07T10:04:20Z" name="A002_adduser" data-provider="addUser" finished-at="2019-03-07T10:04:23Z" duration-ms="3193" status="PASS">
          <params>
            <param index="0">
              <value>
                <![CDATA[addUserRole]]>
              </value>
            </param>
            <param index="1">
              <value>
                <![CDATA[zz_nase3]]>
              </value>
            </param>
            <param index="2">
              <value>
                <![CDATA[zz_nase3@emailgehtnicht.de]]>
              </value>
            </param>
            <param index="3">
              <value>
                <![CDATA[ZZ]]>
              </value>
            </param>
            <param index="4">
              <value>
                <![CDATA[Nase3]]>
              </value>
            </param>
            <param index="5">
              <value>
                <![CDATA[$_1234%!zz_nase3]]>
              </value>
            </param>
            <param index="6">
              <value>
                <![CDATA[false]]>
              </value>
            </param>
            <param index="7">
              <value>
                <![CDATA[Autor]]>
              </value>
            </param>
          </params>
          <reporter-output>
          </reporter-output>
        </test-method> <!-- A002_adduser -->
        <test-method signature="A002_adduser(java.lang.String, java.lang.String, java.lang.String, java.lang.String, java.lang.String, java.lang.String, java.lang.String, java.lang.String)[pri:0, instance:RegressionTest.DataProviderWithExcel_addUser@7a69b07]" started-at="2019-03-07T10:04:23Z" name="A002_adduser" data-provider="addUser" finished-at="2019-03-07T10:04:27Z" duration-ms="3197" status="PASS">
          <params>
            <param index="0">
              <value>
                <![CDATA[addUserRole]]>
              </value>
            </param>
            <param index="1">
              <value>
                <![CDATA[zz_nase4]]>
              </value>
            </param>
            <param index="2">
              <value>
                <![CDATA[zz_nase4@emailgehtnicht.de]]>
              </value>
            </param>
            <param index="3">
              <value>
                <![CDATA[ZZ]]>
              </value>
            </param>
            <param index="4">
              <value>
                <![CDATA[Nase4]]>
              </value>
            </param>
            <param index="5">
              <value>
                <![CDATA[$_1234%!zz_nase4]]>
              </value>
            </param>
            <param index="6">
              <value>
                <![CDATA[false]]>
              </value>
            </param>
            <param index="7">
              <value>
                <![CDATA[Redakteur]]>
              </value>
            </param>
          </params>
          <reporter-output>
          </reporter-output>
        </test-method> <!-- A002_adduser -->
        <test-method signature="A002_adduser(java.lang.String, java.lang.String, java.lang.String, java.lang.String, java.lang.String, java.lang.String, java.lang.String, java.lang.String)[pri:0, instance:RegressionTest.DataProviderWithExcel_addUser@7a69b07]" started-at="2019-03-07T10:04:27Z" name="A002_adduser" data-provider="addUser" finished-at="2019-03-07T10:04:30Z" duration-ms="3179" status="PASS">
          <params>
            <param index="0">
              <value>
                <![CDATA[addUserRole]]>
              </value>
            </param>
            <param index="1">
              <value>
                <![CDATA[zz_nase5]]>
              </value>
            </param>
            <param index="2">
              <value>
                <![CDATA[zz_nase5@emailgehtnicht.de]]>
              </value>
            </param>
            <param index="3">
              <value>
                <![CDATA[ZZ]]>
              </value>
            </param>
            <param index="4">
              <value>
                <![CDATA[Nase5]]>
              </value>
            </param>
            <param index="5">
              <value>
                <![CDATA[$_1234%!zz_nase5]]>
              </value>
            </param>
            <param index="6">
              <value>
                <![CDATA[false]]>
              </value>
            </param>
            <param index="7">
              <value>
                <![CDATA[Mitarbeiter]]>
              </value>
            </param>
          </params>
          <reporter-output>
          </reporter-output>
        </test-method> <!-- A002_adduser -->
        <test-method signature="A002_adduser(java.lang.String, java.lang.String, java.lang.String, java.lang.String, java.lang.String, java.lang.String, java.lang.String, java.lang.String)[pri:0, instance:RegressionTest.DataProviderWithExcel_addUser@7a69b07]" started-at="2019-03-07T10:04:30Z" name="A002_adduser" data-provider="addUser" finished-at="2019-03-07T10:04:33Z" duration-ms="3018" status="PASS">
          <params>
            <param index="0">
              <value>
                <![CDATA[addUserRole]]>
              </value>
            </param>
            <param index="1">
              <value>
                <![CDATA[zz_nase6]]>
              </value>
            </param>
            <param index="2">
              <value>
                <![CDATA[zz_nase6@emailgehtnicht.de]]>
              </value>
            </param>
            <param index="3">
              <value>
                <![CDATA[ZZ]]>
              </value>
            </param>
            <param index="4">
              <value>
                <![CDATA[Nase6]]>
              </value>
            </param>
            <param index="5">
              <value>
                <![CDATA[$_1234%!zz_nase6]]>
              </value>
            </param>
            <param index="6">
              <value>
                <![CDATA[false]]>
              </value>
            </param>
            <param index="7">
              <value>
                <![CDATA[Abonnent]]>
              </value>
            </param>
          </params>
          <reporter-output>
          </reporter-output>
        </test-method> <!-- A002_adduser -->
        <test-method signature="A002_adduser(java.lang.String, java.lang.String, java.lang.String, java.lang.String, java.lang.String, java.lang.String, java.lang.String, java.lang.String)[pri:0, instance:RegressionTest.DataProviderWithExcel_addUser@7a69b07]" started-at="2019-03-07T10:04:33Z" name="A002_adduser" data-provider="addUser" finished-at="2019-03-07T10:04:36Z" duration-ms="3271" status="PASS">
          <params>
            <param index="0">
              <value>
                <![CDATA[addUserRole]]>
              </value>
            </param>
            <param index="1">
              <value>
                <![CDATA[zz_nase7]]>
              </value>
            </param>
            <param index="2">
              <value>
                <![CDATA[zz_nase7@emailgehtnicht.de]]>
              </value>
            </param>
            <param index="3">
              <value>
                <![CDATA[ZZ]]>
              </value>
            </param>
            <param index="4">
              <value>
                <![CDATA[Nase7]]>
              </value>
            </param>
            <param index="5">
              <value>
                <![CDATA[$_1234%!zz_nase7]]>
              </value>
            </param>
            <param index="6">
              <value>
                <![CDATA[false]]>
              </value>
            </param>
            <param index="7">
              <value>
                <![CDATA[Autor]]>
              </value>
            </param>
          </params>
          <reporter-output>
          </reporter-output>
        </test-method> <!-- A002_adduser -->
        <test-method signature="A002_adduser(java.lang.String, java.lang.String, java.lang.String, java.lang.String, java.lang.String, java.lang.String, java.lang.String, java.lang.String)[pri:0, instance:RegressionTest.DataProviderWithExcel_addUser@7a69b07]" started-at="2019-03-07T10:04:36Z" name="A002_adduser" data-provider="addUser" finished-at="2019-03-07T10:04:45Z" duration-ms="8699" status="PASS">
          <params>
            <param index="0">
              <value>
                <![CDATA[addUserRole]]>
              </value>
            </param>
            <param index="1">
              <value>
                <![CDATA[zz_nase8]]>
              </value>
            </param>
            <param index="2">
              <value>
                <![CDATA[zz_nase8@emailgehtnicht.de]]>
              </value>
            </param>
            <param index="3">
              <value>
                <![CDATA[ZZ]]>
              </value>
            </param>
            <param index="4">
              <value>
                <![CDATA[Nase8]]>
              </value>
            </param>
            <param index="5">
              <value>
                <![CDATA[$_1234zz]]>
              </value>
            </param>
            <param index="6">
              <value>
                <![CDATA[false]]>
              </value>
            </param>
            <param index="7">
              <value>
                <![CDATA[Redakteur]]>
              </value>
            </param>
          </params>
          <reporter-output>
          </reporter-output>
        </test-method> <!-- A002_adduser -->
        <test-method signature="A002_adduser(java.lang.String, java.lang.String, java.lang.String, java.lang.String, java.lang.String, java.lang.String, java.lang.String, java.lang.String)[pri:0, instance:RegressionTest.DataProviderWithExcel_addUser@7a69b07]" started-at="2019-03-07T10:04:45Z" name="A002_adduser" data-provider="addUser" finished-at="2019-03-07T10:04:49Z" duration-ms="4746" status="PASS">
          <params>
            <param index="0">
              <value>
                <![CDATA[addUserRole]]>
              </value>
            </param>
            <param index="1">
              <value>
                <![CDATA[zz_nase9]]>
              </value>
            </param>
            <param index="2">
              <value>
                <![CDATA[zz_nase9@emailgehtnicht.de]]>
              </value>
            </param>
            <param index="3">
              <value>
                <![CDATA[ZZ]]>
              </value>
            </param>
            <param index="4">
              <value>
                <![CDATA[Nase9]]>
              </value>
            </param>
            <param index="5">
              <value>
                <![CDATA[$_]]>
              </value>
            </param>
            <param index="6">
              <value>
                <![CDATA[false]]>
              </value>
            </param>
            <param index="7">
              <value>
                <![CDATA[Mitarbeiter]]>
              </value>
            </param>
          </params>
          <reporter-output>
          </reporter-output>
        </test-method> <!-- A002_adduser -->
        <test-method signature="Z1000_logout()[pri:0, instance:RegressionTest.DataProviderWithExcel_addUser@7a69b07]" started-at="2019-03-07T10:04:49Z" name="Z1000_logout" finished-at="2019-03-07T10:04:51Z" duration-ms="1433" status="PASS">
          <reporter-output>
          </reporter-output>
        </test-method> <!-- Z1000_logout -->
        <test-method is-config="true" signature="tearDown()[pri:0, instance:RegressionTest.DataProviderWithExcel_addUser@7a69b07]" started-at="2019-03-07T10:04:51Z" name="tearDown" finished-at="2019-03-07T10:04:51Z" duration-ms="151" status="PASS">
          <reporter-output>
          </reporter-output>
        </test-method> <!-- tearDown -->
      </class> <!-- RegressionTest.DataProviderWithExcel_addUser -->
      <class name="RegressionTest.DataProviderWithExcel_modifyUser">
        <test-method is-config="true" signature="setUp(java.lang.String)[pri:0, instance:RegressionTest.DataProviderWithExcel_modifyUser@1139b2f3]" started-at="2019-03-07T10:04:51Z" name="setUp" finished-at="2019-03-07T10:04:54Z" duration-ms="2926" status="PASS">
          <params>
            <param index="0">
              <value>
                <![CDATA[chrome]]>
              </value>
            </param>
          </params>
          <reporter-output>
          </reporter-output>
        </test-method> <!-- setUp -->
        <test-method signature="A001_loginAdmin()[pri:0, instance:RegressionTest.DataProviderWithExcel_modifyUser@1139b2f3]" started-at="2019-03-07T10:04:54Z" name="A001_loginAdmin" finished-at="2019-03-07T10:04:58Z" duration-ms="3647" status="PASS">
          <reporter-output>
          </reporter-output>
        </test-method> <!-- A001_loginAdmin -->
        <test-method signature="A002_ChangeRoleforUser(java.lang.String, java.lang.String, java.lang.String)[pri:0, instance:RegressionTest.DataProviderWithExcel_modifyUser@1139b2f3]" started-at="2019-03-07T10:04:58Z" name="A002_ChangeRoleforUser" data-provider="changeRoleforUser" finished-at="2019-03-07T10:04:58Z" duration-ms="0" status="PASS">
          <params>
            <param index="0">
              <value>
                <![CDATA[modifyUser_Passwd]]>
              </value>
            </param>
            <param index="1">
              <value>
                <![CDATA[zz_nase1]]>
              </value>
            </param>
            <param index="2">
              <value>
                <![CDATA[zz_nase1]]>
              </value>
            </param>
          </params>
          <reporter-output>
          </reporter-output>
        </test-method> <!-- A002_ChangeRoleforUser -->
        <test-method signature="A002_ChangeRoleforUser(java.lang.String, java.lang.String, java.lang.String)[pri:0, instance:RegressionTest.DataProviderWithExcel_modifyUser@1139b2f3]" started-at="2019-03-07T10:04:58Z" name="A002_ChangeRoleforUser" data-provider="changeRoleforUser" finished-at="2019-03-07T10:04:58Z" duration-ms="0" status="PASS">
          <params>
            <param index="0">
              <value>
                <![CDATA[modifyUser_Role]]>
              </value>
            </param>
            <param index="1">
              <value>
                <![CDATA[zz_nase3]]>
              </value>
            </param>
            <param index="2">
              <value>
                <![CDATA[Abonnent]]>
              </value>
            </param>
          </params>
          <reporter-output>
          </reporter-output>
        </test-method> <!-- A002_ChangeRoleforUser -->
        <test-method signature="A002_ChangeRoleforUser(java.lang.String, java.lang.String, java.lang.String)[pri:0, instance:RegressionTest.DataProviderWithExcel_modifyUser@1139b2f3]" started-at="2019-03-07T10:04:58Z" name="A002_ChangeRoleforUser" data-provider="changeRoleforUser" finished-at="2019-03-07T10:04:58Z" duration-ms="1" status="PASS">
          <params>
            <param index="0">
              <value>
                <![CDATA[modifyUser_Role]]>
              </value>
            </param>
            <param index="1">
              <value>
                <![CDATA[zz_nase4]]>
              </value>
            </param>
            <param index="2">
              <value>
                <![CDATA[Autor]]>
              </value>
            </param>
          </params>
          <reporter-output>
          </reporter-output>
        </test-method> <!-- A002_ChangeRoleforUser -->
        <test-method signature="A002_ChangeRoleforUser(java.lang.String, java.lang.String, java.lang.String)[pri:0, instance:RegressionTest.DataProviderWithExcel_modifyUser@1139b2f3]" started-at="2019-03-07T10:04:58Z" name="A002_ChangeRoleforUser" data-provider="changeRoleforUser" finished-at="2019-03-07T10:04:58Z" duration-ms="0" status="PASS">
          <params>
            <param index="0">
              <value>
                <![CDATA[modifyUser_Role]]>
              </value>
            </param>
            <param index="1">
              <value>
                <![CDATA[zz_nase2]]>
              </value>
            </param>
            <param index="2">
              <value>
                <![CDATA[Mitarbeiter]]>
              </value>
            </param>
          </params>
          <reporter-output>
          </reporter-output>
        </test-method> <!-- A002_ChangeRoleforUser -->
        <test-method signature="A100_adminlogout()[pri:0, instance:RegressionTest.DataProviderWithExcel_modifyUser@1139b2f3]" started-at="2019-03-07T10:04:58Z" name="A100_adminlogout" finished-at="2019-03-07T10:04:59Z" duration-ms="1504" status="PASS">
          <reporter-output>
          </reporter-output>
        </test-method> <!-- A100_adminlogout -->
        <test-method signature="A002_ChangeRoleforUser(java.lang.String, java.lang.String, java.lang.String)[pri:0, instance:RegressionTest.DataProviderWithExcel_modifyUser@1139b2f3]" started-at="2019-03-07T10:04:58Z" name="A002_ChangeRoleforUser" data-provider="changeRoleforUser" finished-at="2019-03-07T10:04:58Z" duration-ms="0" status="PASS">
          <params>
            <param index="0">
              <value>
                <![CDATA[modifyUser_Role]]>
              </value>
            </param>
            <param index="1">
              <value>
                <![CDATA[zz_nase5]]>
              </value>
            </param>
            <param index="2">
              <value>
                <![CDATA[Redakteur]]>
              </value>
            </param>
          </params>
          <reporter-output>
          </reporter-output>
        </test-method> <!-- A002_ChangeRoleforUser -->
        <test-method signature="B001_loginUser(java.lang.String, java.lang.String, java.lang.String, java.lang.String, java.lang.String)[pri:0, instance:RegressionTest.DataProviderWithExcel_modifyUser@1139b2f3]" started-at="2019-03-07T10:04:59Z" name="B001_loginUser" data-provider="userLogin" finished-at="2019-03-07T10:05:07Z" duration-ms="7681" status="PASS">
          <params>
            <param index="0">
              <value>
                <![CDATA[loginUser_LoginName_Passwd(Stark)]]>
              </value>
            </param>
            <param index="1">
              <value>
                <![CDATA[zz_nase7]]>
              </value>
            </param>
            <param index="2">
              <value>
                <![CDATA[$_1234%!zz_nase7]]>
              </value>
            </param>
            <param index="3">
              <value>
                <![CDATA[ZZ]]>
              </value>
            </param>
            <param index="4">
              <value>
                <![CDATA[Nase7]]>
              </value>
            </param>
          </params>
          <reporter-output>
          </reporter-output>
        </test-method> <!-- B001_loginUser -->
        <test-method signature="B001_loginUser(java.lang.String, java.lang.String, java.lang.String, java.lang.String, java.lang.String)[pri:0, instance:RegressionTest.DataProviderWithExcel_modifyUser@1139b2f3]" started-at="2019-03-07T10:05:07Z" name="B001_loginUser" data-provider="userLogin" finished-at="2019-03-07T10:05:15Z" duration-ms="7687" status="PASS">
          <params>
            <param index="0">
              <value>
                <![CDATA[loginUser_LoginEmail_Passwd(Mittel)]]>
              </value>
            </param>
            <param index="1">
              <value>
                <![CDATA[zz_nase8@emailgehtnicht.de]]>
              </value>
            </param>
            <param index="2">
              <value>
                <![CDATA[$_1234zz]]>
              </value>
            </param>
            <param index="3">
              <value>
                <![CDATA[ZZ]]>
              </value>
            </param>
            <param index="4">
              <value>
                <![CDATA[Nase8]]>
              </value>
            </param>
          </params>
          <reporter-output>
          </reporter-output>
        </test-method> <!-- B001_loginUser -->
        <test-method signature="B001_loginUser(java.lang.String, java.lang.String, java.lang.String, java.lang.String, java.lang.String)[pri:0, instance:RegressionTest.DataProviderWithExcel_modifyUser@1139b2f3]" started-at="2019-03-07T10:05:15Z" name="B001_loginUser" data-provider="userLogin" finished-at="2019-03-07T10:05:22Z" duration-ms="7142" status="PASS">
          <params>
            <param index="0">
              <value>
                <![CDATA[loginUser_LoginName_Passwd(Schwach)]]>
              </value>
            </param>
            <param index="1">
              <value>
                <![CDATA[zz_nase9]]>
              </value>
            </param>
            <param index="2">
              <value>
                <![CDATA[$_]]>
              </value>
            </param>
            <param index="3">
              <value>
                <![CDATA[ZZ]]>
              </value>
            </param>
            <param index="4">
              <value>
                <![CDATA[Nase9]]>
              </value>
            </param>
          </params>
          <reporter-output>
          </reporter-output>
        </test-method> <!-- B001_loginUser -->
        <test-method signature="B001_loginUser(java.lang.String, java.lang.String, java.lang.String, java.lang.String, java.lang.String)[pri:0, instance:RegressionTest.DataProviderWithExcel_modifyUser@1139b2f3]" started-at="2019-03-07T10:05:22Z" name="B001_loginUser" data-provider="userLogin" finished-at="2019-03-07T10:05:25Z" duration-ms="2667" status="PASS">
          <params>
            <param index="0">
              <value>
                <![CDATA[loginUser_LoginName(Wrong)]]>
              </value>
            </param>
            <param index="1">
              <value>
                <![CDATA[zz_doesnotexist]]>
              </value>
            </param>
            <param index="2">
              <value>
                <![CDATA[$_]]>
              </value>
            </param>
            <param index="3">
              <value>
                <![CDATA[ZZ]]>
              </value>
            </param>
            <param index="4">
              <value>
                <![CDATA[DoesnotExist]]>
              </value>
            </param>
          </params>
          <reporter-output>
          </reporter-output>
        </test-method> <!-- B001_loginUser -->
        <test-method signature="B001_loginUser(java.lang.String, java.lang.String, java.lang.String, java.lang.String, java.lang.String)[pri:0, instance:RegressionTest.DataProviderWithExcel_modifyUser@1139b2f3]" started-at="2019-03-07T10:05:25Z" name="B001_loginUser" data-provider="userLogin" finished-at="2019-03-07T10:05:27Z" duration-ms="2697" status="PASS">
          <params>
            <param index="0">
              <value>
                <![CDATA[loginUser_LoginName(Exist)_Passwd(Wrong)]]>
              </value>
            </param>
            <param index="1">
              <value>
                <![CDATA[zz_nase7]]>
              </value>
            </param>
            <param index="2">
              <value>
                <![CDATA[$_1234]]>
              </value>
            </param>
            <param index="3">
              <value>
                <![CDATA[ZZ]]>
              </value>
            </param>
            <param index="4">
              <value>
                <![CDATA[Nase7]]>
              </value>
            </param>
          </params>
          <reporter-output>
          </reporter-output>
        </test-method> <!-- B001_loginUser -->
        <test-method is-config="true" signature="tearDown()[pri:0, instance:RegressionTest.DataProviderWithExcel_modifyUser@1139b2f3]" started-at="2019-03-07T10:05:27Z" name="tearDown" finished-at="2019-03-07T10:05:27Z" duration-ms="108" status="PASS">
          <reporter-output>
          </reporter-output>
        </test-method> <!-- tearDown -->
      </class> <!-- RegressionTest.DataProviderWithExcel_modifyUser -->
      <class name="RegressionTest.DataProviderwithExcel_deleteUser">
        <test-method is-config="true" signature="setUp(java.lang.String)[pri:0, instance:RegressionTest.DataProviderwithExcel_deleteUser@67a20f67]" started-at="2019-03-07T10:05:27Z" name="setUp" finished-at="2019-03-07T10:05:30Z" duration-ms="2571" status="PASS">
          <params>
            <param index="0">
              <value>
                <![CDATA[chrome]]>
              </value>
            </param>
          </params>
          <reporter-output>
          </reporter-output>
        </test-method> <!-- setUp -->
        <test-method signature="A001_loginAdmin(java.lang.String, java.lang.String, java.lang.String)[pri:0, instance:RegressionTest.DataProviderwithExcel_deleteUser@67a20f67]" started-at="2019-03-07T10:05:30Z" name="A001_loginAdmin" data-provider="Admin" finished-at="2019-03-07T10:05:34Z" duration-ms="3949" status="PASS">
          <params>
            <param index="0">
              <value>
                <![CDATA[LoginasAdmin]]>
              </value>
            </param>
            <param index="1">
              <value>
                <![CDATA[admin]]>
              </value>
            </param>
            <param index="2">
              <value>
                <![CDATA[!NCS2019]]>
              </value>
            </param>
          </params>
          <reporter-output>
          </reporter-output>
        </test-method> <!-- A001_loginAdmin -->
        <test-method signature="B_0001_SearchUser(java.lang.String, java.lang.String)[pri:0, instance:RegressionTest.DataProviderwithExcel_deleteUser@67a20f67]" started-at="2019-03-07T10:05:34Z" name="B_0001_SearchUser" data-provider="deleteUser" finished-at="2019-03-07T10:05:45Z" duration-ms="10581" status="PASS">
          <params>
            <param index="0">
              <value>
                <![CDATA[deleteAdminNotPossibleUser]]>
              </value>
            </param>
            <param index="1">
              <value>
                <![CDATA[admin]]>
              </value>
            </param>
          </params>
          <reporter-output>
          </reporter-output>
        </test-method> <!-- B_0001_SearchUser -->
        <test-method signature="B_0001_SearchUser(java.lang.String, java.lang.String)[pri:0, instance:RegressionTest.DataProviderwithExcel_deleteUser@67a20f67]" started-at="2019-03-07T10:05:45Z" name="B_0001_SearchUser" data-provider="deleteUser" finished-at="2019-03-07T10:05:50Z" duration-ms="5413" status="PASS">
          <params>
            <param index="0">
              <value>
                <![CDATA[DeleteUser]]>
              </value>
            </param>
            <param index="1">
              <value>
                <![CDATA[zz_nase5]]>
              </value>
            </param>
          </params>
          <reporter-output>
          </reporter-output>
        </test-method> <!-- B_0001_SearchUser -->
        <test-method signature="B_0001_SearchUser(java.lang.String, java.lang.String)[pri:0, instance:RegressionTest.DataProviderwithExcel_deleteUser@67a20f67]" started-at="2019-03-07T10:05:50Z" name="B_0001_SearchUser" data-provider="deleteUser" finished-at="2019-03-07T10:05:56Z" duration-ms="6079" status="PASS">
          <params>
            <param index="0">
              <value>
                <![CDATA[DeleteUser(Several)]]>
              </value>
            </param>
            <param index="1">
              <value>
                <![CDATA[zz_nase]]>
              </value>
            </param>
          </params>
          <reporter-output>
          </reporter-output>
        </test-method> <!-- B_0001_SearchUser -->
        <test-method signature="Z1000_logoutAdmin()[pri:0, instance:RegressionTest.DataProviderwithExcel_deleteUser@67a20f67]" started-at="2019-03-07T10:05:56Z" name="Z1000_logoutAdmin" finished-at="2019-03-07T10:05:58Z" duration-ms="1475" status="PASS">
          <reporter-output>
          </reporter-output>
        </test-method> <!-- Z1000_logoutAdmin -->
        <test-method is-config="true" signature="tearDown()[pri:0, instance:RegressionTest.DataProviderwithExcel_deleteUser@67a20f67]" started-at="2019-03-07T10:05:58Z" name="tearDown" finished-at="2019-03-07T10:05:58Z" duration-ms="114" status="PASS">
          <reporter-output>
          </reporter-output>
        </test-method> <!-- tearDown -->
      </class> <!-- RegressionTest.DataProviderwithExcel_deleteUser -->
    </test> <!-- ChromeTest -->
    <test started-at="2019-03-07T09:05:58Z" name="OperaTest" finished-at="2019-03-07T09:07:42Z" duration-ms="103647">
      <class name="RegressionTest.DataProviderWithExcel_addUser">
        <test-method is-config="true" signature="setUp(java.lang.String)[pri:0, instance:RegressionTest.DataProviderWithExcel_addUser@2f7298b]" started-at="2019-03-07T10:05:58Z" name="setUp" finished-at="2019-03-07T10:06:03Z" duration-ms="4873" status="PASS">
          <params>
            <param index="0">
              <value>
                <![CDATA[opera]]>
              </value>
            </param>
          </params>
          <reporter-output>
          </reporter-output>
        </test-method> <!-- setUp -->
        <test-method signature="A001_loginAdmin()[pri:0, instance:RegressionTest.DataProviderWithExcel_addUser@2f7298b]" started-at="2019-03-07T10:06:03Z" name="A001_loginAdmin" finished-at="2019-03-07T10:06:06Z" duration-ms="3694" status="PASS">
          <reporter-output>
          </reporter-output>
        </test-method> <!-- A001_loginAdmin -->
        <test-method signature="A002_adduser(java.lang.String, java.lang.String, java.lang.String, java.lang.String, java.lang.String, java.lang.String, java.lang.String, java.lang.String)[pri:0, instance:RegressionTest.DataProviderWithExcel_addUser@2f7298b]" started-at="2019-03-07T10:06:07Z" name="A002_adduser" data-provider="addUser" finished-at="2019-03-07T10:06:11Z" duration-ms="4247" status="PASS">
          <params>
            <param index="0">
              <value>
                <![CDATA[addUserRole]]>
              </value>
            </param>
            <param index="1">
              <value>
                <![CDATA[zz_nase1]]>
              </value>
            </param>
            <param index="2">
              <value>
                <![CDATA[zz_nase1@emailgehtnicht.de]]>
              </value>
            </param>
            <param index="3">
              <value>
                <![CDATA[ZZ]]>
              </value>
            </param>
            <param index="4">
              <value>
                <![CDATA[Nase1]]>
              </value>
            </param>
            <param index="5">
              <value>
                <![CDATA[$_1234%!zz_nase1]]>
              </value>
            </param>
            <param index="6">
              <value>
                <![CDATA[false]]>
              </value>
            </param>
            <param index="7">
              <value>
                <![CDATA[Mitarbeiter]]>
              </value>
            </param>
          </params>
          <reporter-output>
          </reporter-output>
        </test-method> <!-- A002_adduser -->
        <test-method signature="A002_adduser(java.lang.String, java.lang.String, java.lang.String, java.lang.String, java.lang.String, java.lang.String, java.lang.String, java.lang.String)[pri:0, instance:RegressionTest.DataProviderWithExcel_addUser@2f7298b]" started-at="2019-03-07T10:06:11Z" name="A002_adduser" data-provider="addUser" finished-at="2019-03-07T10:06:14Z" duration-ms="3473" status="PASS">
          <params>
            <param index="0">
              <value>
                <![CDATA[addUserRole]]>
              </value>
            </param>
            <param index="1">
              <value>
                <![CDATA[zz_nase2]]>
              </value>
            </param>
            <param index="2">
              <value>
                <![CDATA[zz_nase2@emailgehtnicht.de]]>
              </value>
            </param>
            <param index="3">
              <value>
                <![CDATA[ZZ]]>
              </value>
            </param>
            <param index="4">
              <value>
                <![CDATA[Nase2]]>
              </value>
            </param>
            <param index="5">
              <value>
                <![CDATA[$_1234%!zz_nase2]]>
              </value>
            </param>
            <param index="6">
              <value>
                <![CDATA[false]]>
              </value>
            </param>
            <param index="7">
              <value>
                <![CDATA[Abonnent]]>
              </value>
            </param>
          </params>
          <reporter-output>
          </reporter-output>
        </test-method> <!-- A002_adduser -->
        <test-method signature="A002_adduser(java.lang.String, java.lang.String, java.lang.String, java.lang.String, java.lang.String, java.lang.String, java.lang.String, java.lang.String)[pri:0, instance:RegressionTest.DataProviderWithExcel_addUser@2f7298b]" started-at="2019-03-07T10:06:14Z" name="A002_adduser" data-provider="addUser" finished-at="2019-03-07T10:06:18Z" duration-ms="3339" status="PASS">
          <params>
            <param index="0">
              <value>
                <![CDATA[addUserRole]]>
              </value>
            </param>
            <param index="1">
              <value>
                <![CDATA[zz_nase3]]>
              </value>
            </param>
            <param index="2">
              <value>
                <![CDATA[zz_nase3@emailgehtnicht.de]]>
              </value>
            </param>
            <param index="3">
              <value>
                <![CDATA[ZZ]]>
              </value>
            </param>
            <param index="4">
              <value>
                <![CDATA[Nase3]]>
              </value>
            </param>
            <param index="5">
              <value>
                <![CDATA[$_1234%!zz_nase3]]>
              </value>
            </param>
            <param index="6">
              <value>
                <![CDATA[false]]>
              </value>
            </param>
            <param index="7">
              <value>
                <![CDATA[Autor]]>
              </value>
            </param>
          </params>
          <reporter-output>
          </reporter-output>
        </test-method> <!-- A002_adduser -->
        <test-method signature="A002_adduser(java.lang.String, java.lang.String, java.lang.String, java.lang.String, java.lang.String, java.lang.String, java.lang.String, java.lang.String)[pri:0, instance:RegressionTest.DataProviderWithExcel_addUser@2f7298b]" started-at="2019-03-07T10:06:18Z" name="A002_adduser" data-provider="addUser" finished-at="2019-03-07T10:06:21Z" duration-ms="3379" status="PASS">
          <params>
            <param index="0">
              <value>
                <![CDATA[addUserRole]]>
              </value>
            </param>
            <param index="1">
              <value>
                <![CDATA[zz_nase4]]>
              </value>
            </param>
            <param index="2">
              <value>
                <![CDATA[zz_nase4@emailgehtnicht.de]]>
              </value>
            </param>
            <param index="3">
              <value>
                <![CDATA[ZZ]]>
              </value>
            </param>
            <param index="4">
              <value>
                <![CDATA[Nase4]]>
              </value>
            </param>
            <param index="5">
              <value>
                <![CDATA[$_1234%!zz_nase4]]>
              </value>
            </param>
            <param index="6">
              <value>
                <![CDATA[false]]>
              </value>
            </param>
            <param index="7">
              <value>
                <![CDATA[Redakteur]]>
              </value>
            </param>
          </params>
          <reporter-output>
          </reporter-output>
        </test-method> <!-- A002_adduser -->
        <test-method signature="A002_adduser(java.lang.String, java.lang.String, java.lang.String, java.lang.String, java.lang.String, java.lang.String, java.lang.String, java.lang.String)[pri:0, instance:RegressionTest.DataProviderWithExcel_addUser@2f7298b]" started-at="2019-03-07T10:06:21Z" name="A002_adduser" data-provider="addUser" finished-at="2019-03-07T10:06:24Z" duration-ms="3404" status="PASS">
          <params>
            <param index="0">
              <value>
                <![CDATA[addUserRole]]>
              </value>
            </param>
            <param index="1">
              <value>
                <![CDATA[zz_nase5]]>
              </value>
            </param>
            <param index="2">
              <value>
                <![CDATA[zz_nase5@emailgehtnicht.de]]>
              </value>
            </param>
            <param index="3">
              <value>
                <![CDATA[ZZ]]>
              </value>
            </param>
            <param index="4">
              <value>
                <![CDATA[Nase5]]>
              </value>
            </param>
            <param index="5">
              <value>
                <![CDATA[$_1234%!zz_nase5]]>
              </value>
            </param>
            <param index="6">
              <value>
                <![CDATA[false]]>
              </value>
            </param>
            <param index="7">
              <value>
                <![CDATA[Mitarbeiter]]>
              </value>
            </param>
          </params>
          <reporter-output>
          </reporter-output>
        </test-method> <!-- A002_adduser -->
        <test-method signature="A002_adduser(java.lang.String, java.lang.String, java.lang.String, java.lang.String, java.lang.String, java.lang.String, java.lang.String, java.lang.String)[pri:0, instance:RegressionTest.DataProviderWithExcel_addUser@2f7298b]" started-at="2019-03-07T10:06:24Z" name="A002_adduser" data-provider="addUser" finished-at="2019-03-07T10:06:28Z" duration-ms="3333" status="PASS">
          <params>
            <param index="0">
              <value>
                <![CDATA[addUserRole]]>
              </value>
            </param>
            <param index="1">
              <value>
                <![CDATA[zz_nase6]]>
              </value>
            </param>
            <param index="2">
              <value>
                <![CDATA[zz_nase6@emailgehtnicht.de]]>
              </value>
            </param>
            <param index="3">
              <value>
                <![CDATA[ZZ]]>
              </value>
            </param>
            <param index="4">
              <value>
                <![CDATA[Nase6]]>
              </value>
            </param>
            <param index="5">
              <value>
                <![CDATA[$_1234%!zz_nase6]]>
              </value>
            </param>
            <param index="6">
              <value>
                <![CDATA[false]]>
              </value>
            </param>
            <param index="7">
              <value>
                <![CDATA[Abonnent]]>
              </value>
            </param>
          </params>
          <reporter-output>
          </reporter-output>
        </test-method> <!-- A002_adduser -->
        <test-method signature="A002_adduser(java.lang.String, java.lang.String, java.lang.String, java.lang.String, java.lang.String, java.lang.String, java.lang.String, java.lang.String)[pri:0, instance:RegressionTest.DataProviderWithExcel_addUser@2f7298b]" started-at="2019-03-07T10:06:28Z" name="A002_adduser" data-provider="addUser" finished-at="2019-03-07T10:06:31Z" duration-ms="3387" status="PASS">
          <params>
            <param index="0">
              <value>
                <![CDATA[addUserRole]]>
              </value>
            </param>
            <param index="1">
              <value>
                <![CDATA[zz_nase7]]>
              </value>
            </param>
            <param index="2">
              <value>
                <![CDATA[zz_nase7@emailgehtnicht.de]]>
              </value>
            </param>
            <param index="3">
              <value>
                <![CDATA[ZZ]]>
              </value>
            </param>
            <param index="4">
              <value>
                <![CDATA[Nase7]]>
              </value>
            </param>
            <param index="5">
              <value>
                <![CDATA[$_1234%!zz_nase7]]>
              </value>
            </param>
            <param index="6">
              <value>
                <![CDATA[false]]>
              </value>
            </param>
            <param index="7">
              <value>
                <![CDATA[Autor]]>
              </value>
            </param>
          </params>
          <reporter-output>
          </reporter-output>
        </test-method> <!-- A002_adduser -->
        <test-method signature="A002_adduser(java.lang.String, java.lang.String, java.lang.String, java.lang.String, java.lang.String, java.lang.String, java.lang.String, java.lang.String)[pri:0, instance:RegressionTest.DataProviderWithExcel_addUser@2f7298b]" started-at="2019-03-07T10:06:31Z" name="A002_adduser" data-provider="addUser" finished-at="2019-03-07T10:06:35Z" duration-ms="3427" status="PASS">
          <params>
            <param index="0">
              <value>
                <![CDATA[addUserRole]]>
              </value>
            </param>
            <param index="1">
              <value>
                <![CDATA[zz_nase8]]>
              </value>
            </param>
            <param index="2">
              <value>
                <![CDATA[zz_nase8@emailgehtnicht.de]]>
              </value>
            </param>
            <param index="3">
              <value>
                <![CDATA[ZZ]]>
              </value>
            </param>
            <param index="4">
              <value>
                <![CDATA[Nase8]]>
              </value>
            </param>
            <param index="5">
              <value>
                <![CDATA[$_1234zz]]>
              </value>
            </param>
            <param index="6">
              <value>
                <![CDATA[false]]>
              </value>
            </param>
            <param index="7">
              <value>
                <![CDATA[Redakteur]]>
              </value>
            </param>
          </params>
          <reporter-output>
          </reporter-output>
        </test-method> <!-- A002_adduser -->
        <test-method signature="A002_adduser(java.lang.String, java.lang.String, java.lang.String, java.lang.String, java.lang.String, java.lang.String, java.lang.String, java.lang.String)[pri:0, instance:RegressionTest.DataProviderWithExcel_addUser@2f7298b]" started-at="2019-03-07T10:06:35Z" name="A002_adduser" data-provider="addUser" finished-at="2019-03-07T10:06:38Z" duration-ms="3295" status="PASS">
          <params>
            <param index="0">
              <value>
                <![CDATA[addUserRole]]>
              </value>
            </param>
            <param index="1">
              <value>
                <![CDATA[zz_nase9]]>
              </value>
            </param>
            <param index="2">
              <value>
                <![CDATA[zz_nase9@emailgehtnicht.de]]>
              </value>
            </param>
            <param index="3">
              <value>
                <![CDATA[ZZ]]>
              </value>
            </param>
            <param index="4">
              <value>
                <![CDATA[Nase9]]>
              </value>
            </param>
            <param index="5">
              <value>
                <![CDATA[$_]]>
              </value>
            </param>
            <param index="6">
              <value>
                <![CDATA[false]]>
              </value>
            </param>
            <param index="7">
              <value>
                <![CDATA[Mitarbeiter]]>
              </value>
            </param>
          </params>
          <reporter-output>
          </reporter-output>
        </test-method> <!-- A002_adduser -->
        <test-method signature="Z1000_logout()[pri:0, instance:RegressionTest.DataProviderWithExcel_addUser@2f7298b]" started-at="2019-03-07T10:06:38Z" name="Z1000_logout" finished-at="2019-03-07T10:06:39Z" duration-ms="1443" status="PASS">
          <reporter-output>
          </reporter-output>
        </test-method> <!-- Z1000_logout -->
        <test-method is-config="true" signature="tearDown()[pri:0, instance:RegressionTest.DataProviderWithExcel_addUser@2f7298b]" started-at="2019-03-07T10:06:39Z" name="tearDown" finished-at="2019-03-07T10:06:40Z" duration-ms="200" status="PASS">
          <reporter-output>
          </reporter-output>
        </test-method> <!-- tearDown -->
      </class> <!-- RegressionTest.DataProviderWithExcel_addUser -->
      <class name="RegressionTest.DataProviderWithExcel_modifyUser">
        <test-method is-config="true" signature="setUp(java.lang.String)[pri:0, instance:RegressionTest.DataProviderWithExcel_modifyUser@16ec5519]" started-at="2019-03-07T10:06:40Z" name="setUp" finished-at="2019-03-07T10:06:44Z" duration-ms="4364" status="PASS">
          <params>
            <param index="0">
              <value>
                <![CDATA[opera]]>
              </value>
            </param>
          </params>
          <reporter-output>
          </reporter-output>
        </test-method> <!-- setUp -->
        <test-method signature="A001_loginAdmin()[pri:0, instance:RegressionTest.DataProviderWithExcel_modifyUser@16ec5519]" started-at="2019-03-07T10:06:44Z" name="A001_loginAdmin" finished-at="2019-03-07T10:06:48Z" duration-ms="3665" status="PASS">
          <reporter-output>
          </reporter-output>
        </test-method> <!-- A001_loginAdmin -->
        <test-method signature="A002_ChangeRoleforUser(java.lang.String, java.lang.String, java.lang.String)[pri:0, instance:RegressionTest.DataProviderWithExcel_modifyUser@16ec5519]" started-at="2019-03-07T10:06:48Z" name="A002_ChangeRoleforUser" data-provider="changeRoleforUser" finished-at="2019-03-07T10:06:48Z" duration-ms="0" status="PASS">
          <params>
            <param index="0">
              <value>
                <![CDATA[modifyUser_Passwd]]>
              </value>
            </param>
            <param index="1">
              <value>
                <![CDATA[zz_nase1]]>
              </value>
            </param>
            <param index="2">
              <value>
                <![CDATA[zz_nase1]]>
              </value>
            </param>
          </params>
          <reporter-output>
          </reporter-output>
        </test-method> <!-- A002_ChangeRoleforUser -->
        <test-method signature="A002_ChangeRoleforUser(java.lang.String, java.lang.String, java.lang.String)[pri:0, instance:RegressionTest.DataProviderWithExcel_modifyUser@16ec5519]" started-at="2019-03-07T10:06:48Z" name="A002_ChangeRoleforUser" data-provider="changeRoleforUser" finished-at="2019-03-07T10:06:48Z" duration-ms="0" status="PASS">
          <params>
            <param index="0">
              <value>
                <![CDATA[modifyUser_Role]]>
              </value>
            </param>
            <param index="1">
              <value>
                <![CDATA[zz_nase4]]>
              </value>
            </param>
            <param index="2">
              <value>
                <![CDATA[Autor]]>
              </value>
            </param>
          </params>
          <reporter-output>
          </reporter-output>
        </test-method> <!-- A002_ChangeRoleforUser -->
        <test-method signature="A002_ChangeRoleforUser(java.lang.String, java.lang.String, java.lang.String)[pri:0, instance:RegressionTest.DataProviderWithExcel_modifyUser@16ec5519]" started-at="2019-03-07T10:06:48Z" name="A002_ChangeRoleforUser" data-provider="changeRoleforUser" finished-at="2019-03-07T10:06:48Z" duration-ms="0" status="PASS">
          <params>
            <param index="0">
              <value>
                <![CDATA[modifyUser_Role]]>
              </value>
            </param>
            <param index="1">
              <value>
                <![CDATA[zz_nase2]]>
              </value>
            </param>
            <param index="2">
              <value>
                <![CDATA[Mitarbeiter]]>
              </value>
            </param>
          </params>
          <reporter-output>
          </reporter-output>
        </test-method> <!-- A002_ChangeRoleforUser -->
        <test-method signature="A002_ChangeRoleforUser(java.lang.String, java.lang.String, java.lang.String)[pri:0, instance:RegressionTest.DataProviderWithExcel_modifyUser@16ec5519]" started-at="2019-03-07T10:06:48Z" name="A002_ChangeRoleforUser" data-provider="changeRoleforUser" finished-at="2019-03-07T10:06:48Z" duration-ms="0" status="PASS">
          <params>
            <param index="0">
              <value>
                <![CDATA[modifyUser_Role]]>
              </value>
            </param>
            <param index="1">
              <value>
                <![CDATA[zz_nase3]]>
              </value>
            </param>
            <param index="2">
              <value>
                <![CDATA[Abonnent]]>
              </value>
            </param>
          </params>
          <reporter-output>
          </reporter-output>
        </test-method> <!-- A002_ChangeRoleforUser -->
        <test-method signature="A002_ChangeRoleforUser(java.lang.String, java.lang.String, java.lang.String)[pri:0, instance:RegressionTest.DataProviderWithExcel_modifyUser@16ec5519]" started-at="2019-03-07T10:06:48Z" name="A002_ChangeRoleforUser" data-provider="changeRoleforUser" finished-at="2019-03-07T10:06:48Z" duration-ms="0" status="PASS">
          <params>
            <param index="0">
              <value>
                <![CDATA[modifyUser_Role]]>
              </value>
            </param>
            <param index="1">
              <value>
                <![CDATA[zz_nase5]]>
              </value>
            </param>
            <param index="2">
              <value>
                <![CDATA[Redakteur]]>
              </value>
            </param>
          </params>
          <reporter-output>
          </reporter-output>
        </test-method> <!-- A002_ChangeRoleforUser -->
        <test-method signature="A100_adminlogout()[pri:0, instance:RegressionTest.DataProviderWithExcel_modifyUser@16ec5519]" started-at="2019-03-07T10:06:48Z" name="A100_adminlogout" finished-at="2019-03-07T10:06:49Z" duration-ms="1480" status="PASS">
          <reporter-output>
          </reporter-output>
        </test-method> <!-- A100_adminlogout -->
        <test-method signature="B001_loginUser(java.lang.String, java.lang.String, java.lang.String, java.lang.String, java.lang.String)[pri:0, instance:RegressionTest.DataProviderWithExcel_modifyUser@16ec5519]" started-at="2019-03-07T10:06:49Z" name="B001_loginUser" data-provider="userLogin" finished-at="2019-03-07T10:06:57Z" duration-ms="7570" status="PASS">
          <params>
            <param index="0">
              <value>
                <![CDATA[loginUser_LoginName_Passwd(Stark)]]>
              </value>
            </param>
            <param index="1">
              <value>
                <![CDATA[zz_nase7]]>
              </value>
            </param>
            <param index="2">
              <value>
                <![CDATA[$_1234%!zz_nase7]]>
              </value>
            </param>
            <param index="3">
              <value>
                <![CDATA[ZZ]]>
              </value>
            </param>
            <param index="4">
              <value>
                <![CDATA[Nase7]]>
              </value>
            </param>
          </params>
          <reporter-output>
          </reporter-output>
        </test-method> <!-- B001_loginUser -->
        <test-method signature="B001_loginUser(java.lang.String, java.lang.String, java.lang.String, java.lang.String, java.lang.String)[pri:0, instance:RegressionTest.DataProviderWithExcel_modifyUser@16ec5519]" started-at="2019-03-07T10:06:57Z" name="B001_loginUser" data-provider="userLogin" finished-at="2019-03-07T10:07:05Z" duration-ms="8110" status="PASS">
          <params>
            <param index="0">
              <value>
                <![CDATA[loginUser_LoginEmail_Passwd(Mittel)]]>
              </value>
            </param>
            <param index="1">
              <value>
                <![CDATA[zz_nase8@emailgehtnicht.de]]>
              </value>
            </param>
            <param index="2">
              <value>
                <![CDATA[$_1234zz]]>
              </value>
            </param>
            <param index="3">
              <value>
                <![CDATA[ZZ]]>
              </value>
            </param>
            <param index="4">
              <value>
                <![CDATA[Nase8]]>
              </value>
            </param>
          </params>
          <reporter-output>
          </reporter-output>
        </test-method> <!-- B001_loginUser -->
        <test-method signature="B001_loginUser(java.lang.String, java.lang.String, java.lang.String, java.lang.String, java.lang.String)[pri:0, instance:RegressionTest.DataProviderWithExcel_modifyUser@16ec5519]" started-at="2019-03-07T10:07:05Z" name="B001_loginUser" data-provider="userLogin" finished-at="2019-03-07T10:07:12Z" duration-ms="7515" status="PASS">
          <params>
            <param index="0">
              <value>
                <![CDATA[loginUser_LoginName_Passwd(Schwach)]]>
              </value>
            </param>
            <param index="1">
              <value>
                <![CDATA[zz_nase9]]>
              </value>
            </param>
            <param index="2">
              <value>
                <![CDATA[$_]]>
              </value>
            </param>
            <param index="3">
              <value>
                <![CDATA[ZZ]]>
              </value>
            </param>
            <param index="4">
              <value>
                <![CDATA[Nase9]]>
              </value>
            </param>
          </params>
          <reporter-output>
          </reporter-output>
        </test-method> <!-- B001_loginUser -->
        <test-method signature="B001_loginUser(java.lang.String, java.lang.String, java.lang.String, java.lang.String, java.lang.String)[pri:0, instance:RegressionTest.DataProviderWithExcel_modifyUser@16ec5519]" started-at="2019-03-07T10:07:12Z" name="B001_loginUser" data-provider="userLogin" finished-at="2019-03-07T10:07:15Z" duration-ms="2727" status="PASS">
          <params>
            <param index="0">
              <value>
                <![CDATA[loginUser_LoginName(Wrong)]]>
              </value>
            </param>
            <param index="1">
              <value>
                <![CDATA[zz_doesnotexist]]>
              </value>
            </param>
            <param index="2">
              <value>
                <![CDATA[$_]]>
              </value>
            </param>
            <param index="3">
              <value>
                <![CDATA[ZZ]]>
              </value>
            </param>
            <param index="4">
              <value>
                <![CDATA[DoesnotExist]]>
              </value>
            </param>
          </params>
          <reporter-output>
          </reporter-output>
        </test-method> <!-- B001_loginUser -->
        <test-method signature="B001_loginUser(java.lang.String, java.lang.String, java.lang.String, java.lang.String, java.lang.String)[pri:0, instance:RegressionTest.DataProviderWithExcel_modifyUser@16ec5519]" started-at="2019-03-07T10:07:15Z" name="B001_loginUser" data-provider="userLogin" finished-at="2019-03-07T10:07:18Z" duration-ms="2746" status="PASS">
          <params>
            <param index="0">
              <value>
                <![CDATA[loginUser_LoginName(Exist)_Passwd(Wrong)]]>
              </value>
            </param>
            <param index="1">
              <value>
                <![CDATA[zz_nase7]]>
              </value>
            </param>
            <param index="2">
              <value>
                <![CDATA[$_1234]]>
              </value>
            </param>
            <param index="3">
              <value>
                <![CDATA[ZZ]]>
              </value>
            </param>
            <param index="4">
              <value>
                <![CDATA[Nase7]]>
              </value>
            </param>
          </params>
          <reporter-output>
          </reporter-output>
        </test-method> <!-- B001_loginUser -->
        <test-method is-config="true" signature="tearDown()[pri:0, instance:RegressionTest.DataProviderWithExcel_modifyUser@16ec5519]" started-at="2019-03-07T10:07:18Z" name="tearDown" finished-at="2019-03-07T10:07:18Z" duration-ms="160" status="PASS">
          <reporter-output>
          </reporter-output>
        </test-method> <!-- tearDown -->
      </class> <!-- RegressionTest.DataProviderWithExcel_modifyUser -->
      <class name="RegressionTest.DataProviderwithExcel_deleteUser">
        <test-method is-config="true" signature="setUp(java.lang.String)[pri:0, instance:RegressionTest.DataProviderwithExcel_deleteUser@50eac852]" started-at="2019-03-07T10:07:18Z" name="setUp" finished-at="2019-03-07T10:07:21Z" duration-ms="3440" status="PASS">
          <params>
            <param index="0">
              <value>
                <![CDATA[opera]]>
              </value>
            </param>
          </params>
          <reporter-output>
          </reporter-output>
        </test-method> <!-- setUp -->
        <test-method signature="A001_loginAdmin(java.lang.String, java.lang.String, java.lang.String)[pri:0, instance:RegressionTest.DataProviderwithExcel_deleteUser@50eac852]" started-at="2019-03-07T10:07:21Z" name="A001_loginAdmin" data-provider="Admin" finished-at="2019-03-07T10:07:25Z" duration-ms="3677" status="PASS">
          <params>
            <param index="0">
              <value>
                <![CDATA[LoginasAdmin]]>
              </value>
            </param>
            <param index="1">
              <value>
                <![CDATA[admin]]>
              </value>
            </param>
            <param index="2">
              <value>
                <![CDATA[!NCS2019]]>
              </value>
            </param>
          </params>
          <reporter-output>
          </reporter-output>
        </test-method> <!-- A001_loginAdmin -->
        <test-method signature="B_0001_SearchUser(java.lang.String, java.lang.String)[pri:0, instance:RegressionTest.DataProviderwithExcel_deleteUser@50eac852]" started-at="2019-03-07T10:07:25Z" name="B_0001_SearchUser" data-provider="deleteUser" finished-at="2019-03-07T10:07:29Z" duration-ms="3685" status="PASS">
          <params>
            <param index="0">
              <value>
                <![CDATA[deleteAdminNotPossibleUser]]>
              </value>
            </param>
            <param index="1">
              <value>
                <![CDATA[admin]]>
              </value>
            </param>
          </params>
          <reporter-output>
          </reporter-output>
        </test-method> <!-- B_0001_SearchUser -->
        <test-method signature="B_0001_SearchUser(java.lang.String, java.lang.String)[pri:0, instance:RegressionTest.DataProviderwithExcel_deleteUser@50eac852]" started-at="2019-03-07T10:07:29Z" name="B_0001_SearchUser" data-provider="deleteUser" finished-at="2019-03-07T10:07:34Z" duration-ms="4896" status="PASS">
          <params>
            <param index="0">
              <value>
                <![CDATA[DeleteUser]]>
              </value>
            </param>
            <param index="1">
              <value>
                <![CDATA[zz_nase5]]>
              </value>
            </param>
          </params>
          <reporter-output>
          </reporter-output>
        </test-method> <!-- B_0001_SearchUser -->
        <test-method signature="B_0001_SearchUser(java.lang.String, java.lang.String)[pri:0, instance:RegressionTest.DataProviderwithExcel_deleteUser@50eac852]" started-at="2019-03-07T10:07:34Z" name="B_0001_SearchUser" data-provider="deleteUser" finished-at="2019-03-07T10:07:40Z" duration-ms="6212" status="PASS">
          <params>
            <param index="0">
              <value>
                <![CDATA[DeleteUser(Several)]]>
              </value>
            </param>
            <param index="1">
              <value>
                <![CDATA[zz_nase]]>
              </value>
            </param>
          </params>
          <reporter-output>
          </reporter-output>
        </test-method> <!-- B_0001_SearchUser -->
        <test-method signature="Z1000_logoutAdmin()[pri:0, instance:RegressionTest.DataProviderwithExcel_deleteUser@50eac852]" started-at="2019-03-07T10:07:40Z" name="Z1000_logoutAdmin" finished-at="2019-03-07T10:07:41Z" duration-ms="1416" status="PASS">
          <reporter-output>
          </reporter-output>
        </test-method> <!-- Z1000_logoutAdmin -->
        <test-method is-config="true" signature="tearDown()[pri:0, instance:RegressionTest.DataProviderwithExcel_deleteUser@50eac852]" started-at="2019-03-07T10:07:41Z" name="tearDown" finished-at="2019-03-07T10:07:42Z" duration-ms="153" status="PASS">
          <reporter-output>
          </reporter-output>
        </test-method> <!-- tearDown -->
      </class> <!-- RegressionTest.DataProviderwithExcel_deleteUser -->
    </test> <!-- OperaTest -->
  </suite> <!-- All Test Suite -->
</testng-results>
